<?xml version="1.0" encoding="UTF-8"?>
<testng-results ignored="0" total="3" passed="2" failed="1" skipped="0">
  <reporter-output>
  </reporter-output>
  <suite started-at="2021-02-18T18:40:00 IST" name="Suite" finished-at="2021-02-18T18:40:26 IST" duration-ms="25941">
    <groups>
    </groups>
    <test started-at="2021-02-18T18:40:00 IST" name="Test" finished-at="2021-02-18T18:40:26 IST" duration-ms="25941">
      <class name="Project.MyFrameWork.LoginPageTest">
        <test-method is-config="true" signature="driverandurlTest()[pri:0, instance:Project.MyFrameWork.LoginPageTest@525d79f0]" started-at="2021-02-18T18:40:06 IST" name="driverandurlTest" finished-at="2021-02-18T18:40:09 IST" duration-ms="2605" status="PASS">
          <reporter-output>
          </reporter-output>
        </test-method> <!-- driverandurlTest -->
        <test-method signature="LoginPageTest(java.lang.String, java.lang.String)[pri:0, instance:Project.MyFrameWork.LoginPageTest@525d79f0]" started-at="2021-02-18T18:40:09 IST" name="LoginPageTest" data-provider="getData" finished-at="2021-02-18T18:40:20 IST" duration-ms="10432" status="PASS">
          <params>
            <param index="0">
              <value>
                <![CDATA[tester1@gmail.com]]>
              </value>
            </param>
            <param index="1">
              <value>
                <![CDATA[pas]]>
              </value>
            </param>
          </params>
          <reporter-output>
          </reporter-output>
        </test-method> <!-- LoginPageTest -->
        <test-method signature="LoginPageTest(java.lang.String, java.lang.String)[pri:0, instance:Project.MyFrameWork.LoginPageTest@525d79f0]" started-at="2021-02-18T18:40:20 IST" name="LoginPageTest" data-provider="getData" finished-at="2021-02-18T18:40:26 IST" duration-ms="6523" status="PASS">
          <params>
            <param index="0">
              <value>
                <![CDATA[tester2@gmail.com]]>
              </value>
            </param>
            <param index="1">
              <value>
                <![CDATA[passs]]>
              </value>
            </param>
          </params>
          <reporter-output>
          </reporter-output>
        </test-method> <!-- LoginPageTest -->
        <test-method is-config="true" signature="closAllTest()[pri:0, instance:Project.MyFrameWork.LoginPageTest@525d79f0]" started-at="2021-02-18T18:40:26 IST" name="closAllTest" finished-at="2021-02-18T18:40:26 IST" duration-ms="112" status="PASS">
          <reporter-output>
          </reporter-output>
        </test-method> <!-- closAllTest -->
      </class> <!-- Project.MyFrameWork.LoginPageTest -->
      <class name="Project.MyFrameWork.HomePageTest">
        <test-method is-config="true" signature="driverandurlTest()[pri:0, instance:Project.MyFrameWork.HomePageTest@48f5bde6]" started-at="2021-02-18T18:40:00 IST" name="driverandurlTest" finished-at="2021-02-18T18:40:06 IST" duration-ms="5569" status="PASS">
          <reporter-output>
          </reporter-output>
        </test-method> <!-- driverandurlTest -->
        <test-method signature="LandingPageTest()[pri:0, instance:Project.MyFrameWork.HomePageTest@48f5bde6]" started-at="2021-02-18T18:40:09 IST" name="LandingPageTest" finished-at="2021-02-18T18:40:09 IST" duration-ms="84" status="FAIL">
          <exception class="java.lang.AssertionError">
            <message>
              <![CDATA[expected [FEATURErD COURSES] but found [FEATURED COURSES]]]>
            </message>
            <full-stacktrace>
              <![CDATA[java.lang.AssertionError: expected [FEATURErD COURSES] but found [FEATURED COURSES]
at org.testng.Assert.fail(Assert.java:99)
at org.testng.Assert.failNotEquals(Assert.java:1037)
at org.testng.Assert.assertEqualsImpl(Assert.java:140)
at org.testng.Assert.assertEquals(Assert.java:122)
at org.testng.Assert.assertEquals(Assert.java:629)
at org.testng.Assert.assertEquals(Assert.java:639)
at Project.MyFrameWork.HomePageTest.LandingPageTest(HomePageTest.java:68)
at java.base/jdk.internal.reflect.NativeMethodAccessorImpl.invoke0(Native Method)
at java.base/jdk.internal.reflect.NativeMethodAccessorImpl.invoke(NativeMethodAccessorImpl.java:64)
at java.base/jdk.internal.reflect.DelegatingMethodAccessorImpl.invoke(DelegatingMethodAccessorImpl.java:43)
at java.base/java.lang.reflect.Method.invoke(Method.java:564)
at org.testng.internal.MethodInvocationHelper.invokeMethod(MethodInvocationHelper.java:132)
at org.testng.internal.TestInvoker.invokeMethod(TestInvoker.java:599)
at org.testng.internal.TestInvoker.invokeTestMethod(TestInvoker.java:174)
at org.testng.internal.MethodRunner.runInSequence(MethodRunner.java:46)
at org.testng.internal.TestInvoker$MethodInvocationAgent.invoke(TestInvoker.java:822)
at org.testng.internal.TestInvoker.invokeTestMethods(TestInvoker.java:147)
at org.testng.internal.TestMethodWorker.invokeTestMethods(TestMethodWorker.java:146)
at org.testng.internal.TestMethodWorker.run(TestMethodWorker.java:128)
at java.base/java.util.ArrayList.forEach(ArrayList.java:1511)
at org.testng.TestRunner.privateRun(TestRunner.java:764)
at org.testng.TestRunner.run(TestRunner.java:585)
at org.testng.SuiteRunner.runTest(SuiteRunner.java:384)
at org.testng.SuiteRunner.runSequentially(SuiteRunner.java:378)
at org.testng.SuiteRunner.privateRun(SuiteRunner.java:337)
at org.testng.SuiteRunner.run(SuiteRunner.java:286)
at org.testng.SuiteRunnerWorker.runSuite(SuiteRunnerWorker.java:53)
at org.testng.SuiteRunnerWorker.run(SuiteRunnerWorker.java:96)
at org.testng.TestNG.runSuitesSequentially(TestNG.java:1218)
at org.testng.TestNG.runSuitesLocally(TestNG.java:1140)
at org.testng.TestNG.runSuites(TestNG.java:1069)
at org.testng.TestNG.run(TestNG.java:1037)
at org.testng.remote.AbstractRemoteTestNG.run(AbstractRemoteTestNG.java:115)
at org.testng.remote.RemoteTestNG.initAndRun(RemoteTestNG.java:251)
at org.testng.remote.RemoteTestNG.main(RemoteTestNG.java:77)
]]>
            </full-stacktrace>
          </exception> <!-- java.lang.AssertionError -->
          <reporter-output>
          </reporter-output>
        </test-method> <!-- LandingPageTest -->
        <test-method is-config="true" signature="closAllTest()[pri:0, instance:Project.MyFrameWork.HomePageTest@48f5bde6]" started-at="2021-02-18T18:40:26 IST" name="closAllTest" finished-at="2021-02-18T18:40:26 IST" duration-ms="91" status="PASS">
          <reporter-output>
          </reporter-output>
        </test-method> <!-- closAllTest -->
      </class> <!-- Project.MyFrameWork.HomePageTest -->
    </test> <!-- Test -->
  </suite> <!-- Suite -->
</testng-results>
